2024/12/07 19:05:17 Attempting to process ERoad location updates....
2024/12/07 19:07:00 Attempting to process ERoad location updates....
2024/12/07 19:07:19 Attempting to process ERoad location updates....
2024/12/07 19:07:19 Attempting to process EIA fuel market price updates....
2024/12/07 19:09:58 Attempting to process ERoad location updates....
2024/12/07 19:09:58 Attempting to process EIA fuel market price updates....
2024/12/07 19:15:42 Attempting to process ERoad location updates....
2024/12/07 19:15:42 Attempting to process EIA fuel market price updates....
2024/12/07 19:16:00 Attempting to process ERoad location updates....
2024/12/07 19:16:00 Attempting to process EIA fuel market price updates....
2024/12/07 19:16:29 Attempting to process ERoad location updates....
2024/12/07 19:16:29 Attempting to process EIA fuel market price updates....
2024/12/07 19:26:27 Attempting to process ERoad location updates....
2024/12/07 19:26:27 Attempting to process EIA fuel market price updates....
2024/12/07 19:27:29 Attempting to process ERoad location updates....
2024/12/07 19:27:29 Attempting to process EIA fuel market price updates....
2024/12/07 19:29:48 Debug Mode Enabled
Server Port: 3333
End Point: 
ERP Key: Dwuj334Na2JMu61QBsQzj3KBd4uKuVZs-internal
Error Log: ./var/log/error.log
Command Log: ./var/log/command.log
Tracking Update Interval: 5
EIA Update Interval: 8

2024/12/07 19:29:48 Attempting to process ERoad location updates....
2024/12/07 19:29:48 Attempting to process EIA fuel market price updates....
2024/12/07 19:31:15 Debug Mode Enabled
_______________________________________ 
Server Port: 3333
End Point: http://localhost:8000/
ERP Key: Dwuj334Na2JMu61QBsQzj3KBd4uKuVZs-internal
Error Log: ./var/log/error.log
Command Log: ./var/log/command.log
Tracking Update Interval: 5
EIA Update Interval: 8
________________________________________

2024/12/07 19:31:15 Attempting to process ERoad location updates....
2024/12/07 19:31:15 Location updates were successful. 
Next update in 5 minutes...
2024/12/07 19:31:15 Attempting to process EIA fuel market price updates....
2024/12/07 19:31:18 Fuel Updates were successful. 
Next update in 8 days...
2024/12/07 19:34:09 Attempting to process ERoad location updates....
2024/12/07 19:34:09 Attempting to process EIA fuel market price updates....
2024/12/07 19:36:43 _______________________________________ 
[31mDebug Mode Enabled
Environment Variables Gathered from .env 
[0m_______________________________________ 
Server Port: 3333
End Point: http://localhost:8000/
ERP Key: Dwuj334Na2JMu61QBsQzj3KBd4uKuVZs-internal
Error Log: ./var/log/error.log
Command Log: ./var/log/command.log
Tracking Update Interval: 5
EIA Update Interval: 8
________________________________________

2024/12/07 19:36:43 Attempting to process ERoad location updates....
2024/12/07 19:36:43 Attempting to process EIA fuel market price updates....
2024/12/07 19:37:35 _______________________________________ 
[33mDebug Mode Enabled
Environment Variables Gathered from .env 
[0m_______________________________________ 
Server Port: 3333
End Point: http://localhost:8000/
ERP Key: Dwuj334Na2JMu61QBsQzj3KBd4uKuVZs-internal
Error Log: ./var/log/error.log
Command Log: ./var/log/command.log
Tracking Update Interval: 5
EIA Update Interval: 8
________________________________________

2024/12/07 19:37:35 Attempting to process ERoad location updates....
2024/12/07 19:37:35 Attempting to process EIA fuel market price updates....
2024/12/07 19:40:41 _______________________________________ 
[33mDebug Mode Enabled
Environment Variables Gathered from .env 
[0m_______________________________________ 
Server Port: 3333
End Point: http://localhost:8000/
ERP Key: Dwuj334Na2JMu61QBsQzj3KBd4uKuVZs-internal
Error Log: ./var/log/error.log
Command Log: ./var/log/command.log
Tracking Update Interval: 5
EIA Update Interval: 8
________________________________________

2024/12/07 19:40:41 Attempting to process ERoad location updates....
2024/12/07 19:40:41 Attempting to process EIA fuel market price updates....
2024/12/07 19:55:06 _______________________________________ 
[33mDebug Mode Enabled
Environment Variables Gathered from .env 
[0m_______________________________________ 
Server Port: 3333
End Point: http://localhost:8000/
ERP Key: Dwuj334Na2JMu61QBsQzj3KBd4uKuVZs-internal
Error Log: ./var/log/error.log
Command Log: ./var/log/command.log
Tracking Update Interval: 5
EIA Update Interval: 8
________________________________________

2024/12/07 19:55:06 Attempting to process ERoad location updates....
2024/12/07 19:55:06 Attempting to process EIA fuel market price updates....
2024/12/07 19:55:27 Attempting to process ERoad location updates....
2024/12/07 19:55:27 Attempting to process EIA fuel market price updates....
2024/12/07 19:55:37 _______________________________________ 
[33mDebug Mode Enabled
Environment Variables Gathered from .env 
[0m_______________________________________ 
Server Port: 3333
End Point: http://localhost:8000/
ERP Key: Dwuj334Na2JMu61QBsQzj3KBd4uKuVZs-internal
Error Log: ./var/log/error.log
Command Log: ./var/log/command.log
Tracking Update Interval: 5
EIA Update Interval: 8
________________________________________

2024/12/07 19:55:37 Attempting to process ERoad location updates....
2024/12/07 19:55:37 Attempting to process EIA fuel market price updates....
